1
protostar deploy 0x1db25aa979f80813027fc2ecd91a8c5deba9563e34e9c6780f48693ea606d73  --network testnet --account-address 0x052E6AD8187767eF41F2F3bc225D33d31B37DD9BBEE7B628F4b6b16b90D293EC --max-fee auto --private-key-path ./.env --inputs 8532469069598125939 7760755 2343576618933993302415733561709464540131434012961226624765960147118779962348

2
let (read_sex, read_legs, read_wings) = IExerciceSolution.get_animal_characteristics(contract_address = submited_exercise_address, token_id=token_id)

protostar deploy 0x50a27152c6c5beb4d826c154c07422da259536750986bf8195a8184e6bf6e4a  --network testnet --account-address 0x052E6AD8187767eF41F2F3bc225D33d31B37DD9BBEE7B628F4b6b16b90D293EC --max-fee auto --private-key-path ./.env --inputs 8532469069598125939 7760755 2343576618933993302415733561709464540131434012961226624765960147118779962348

protostar declare json  --network testnet --account-address 0x052E6AD8187767eF41F2F3bc225D33d31B37DD9BBEE7B628F4b6b16b90D293EC --max-fee auto --private-key-path ./.env 

3
protostar deploy 0x284d9ec6921045a3974528d588585345c6ce7f7e2ef0a0a13c8fa6e5f8583be  --network testnet --account-address 0x052E6AD8187767eF41F2F3bc225D33d31B37DD9BBEE7B628F4b6b16b90D293EC --max-fee auto --private-key-path ./.env --inputs 8532469069598125939 7760755 2343576618933993302415733561709464540131434012961226624765960147118779962348

protostar declare ./build/ERC721_ex03.json --network testnet --account-address 0x052E6AD8187767eF41F2F3bc225D33d31B37DD9BBEE7B628F4b6b16b90D293EC --max-fee auto --private-key-path ./.env

4

protostar declare ./build/ERC721_ex04.json --network testnet --account-address 0x052E6AD8187767eF41F2F3bc225D33d31B37DD9BBEE7B628F4b6b16b90D293EC --max-fee auto --private-key-path ./.env

protostar deploy 0x7cecbf366e737ec3db46cd0abe6cc5289bc3c67318de3d4b07ed5759b1f50da  --network testnet --account-address 0x052E6AD8187767eF41F2F3bc225D33d31B37DD9BBEE7B628F4b6b16b90D293EC --max-fee auto --private-key-path ./.env --inputs 8532469069598125939 7760755 2343576618933993302415733561709464540131434012961226624765960147118779962348

5
protostar declare ./build/ERC721_ex05.json --network testnet --account-address 0x052E6AD8187767eF41F2F3bc225D33d31B37DD9BBEE7B628F4b6b16b90D293EC --max-fee auto --private-key-path ./.env

protostar deploy 0x133ca38e23b91056677f73c1f322cd168247143068c62fd691e5b26613e94ba  --network testnet --account-address 0x052E6AD8187767eF41F2F3bc225D33d31B37DD9BBEE7B628F4b6b16b90D293EC --max-fee auto --private-key-path ./.env --inputs 8532469069598125939 7760755 2343576618933993302415733561709464540131434012961226624765960147118779962348 2344204853301408646930413631119760318685682522206636282740794249760712946163

6

done

7

errors

protostar build
Unexpected Protostar error. Report it here:                                                                                                                     
https://github.com/software-mansion/protostar/issues

Traceback (most recent call last):
  File "starkware/cairo/lang/compiler/import_loader.py", line 73, in collect
  File "starkware/cairo/lang/compiler/preprocessor/default_pass_manager.py", line 131, in read_file_fixed
  File "starkware/cairo/lang/compiler/module_reader.py", line 56, in read
  File "starkware/cairo/lang/compiler/module_reader.py", line 49, in module_to_file_path
starkware.cairo.lang.compiler.module_reader.ModuleNotFoundException: Could not find module 'libs.ShortString'. Searched in the following paths:
/mnt/c/Users/Henry Alberto/desktop/starknet-edu/starknet-erc721/lib/cairo_contracts/src/libs/ShortString.cairo
/mnt/c/Users/Henry Alberto/desktop/starknet-edu/starknet-erc721/lib/cairopen_contracts/src/libs/ShortString.cairo
/mnt/c/Users/Henry Alberto/desktop/starknet-edu/starknet-erc721/libs/ShortString.cairo
/mnt/c/Users/Henry Alberto/desktop/starknet-edu/starknet-erc721/libs/ShortString.cairo
/home/henryf10h/.protostar/dist/protostar/libs/ShortString.cairo

During handling of the above exception, another exception occurred:

Traceback (most recent call last):
  File "binary_entrypoint.py", line 79, in <module>
  File "binary_entrypoint.py", line 23, in init
  File "protostar/start.py", line 21, in main
  File "protostar/start.py", line 47, in run_protostar
  File "protostar/start.py", line 42, in run_protostar
  File "asyncio/runners.py", line 44, in run
  File "asyncio/base_events.py", line 647, in run_until_complete
  File "protostar/protostar_cli.py", line 80, in run
  File "protostar/protostar_cli.py", line 117, in _run_command_from_args
  File "protostar/argument_parser/cli_app.py", line 25, in run
  File "protostar/commands/build_command.py", line 77, in run
  File "protostar/commands/build_command.py", line 91, in build
  File "protostar/compiler/project_compiler.py", line 56, in compile_project
  File "protostar/compiler/project_compiler.py", line 89, in compile_contract_from_contract_name
  File "protostar/compiler/project_compiler.py", line 100, in compile_contract_from_contract_source_paths
  File "protostar/starknet/compiler/starknet_compilation.py", line 108, in compile_contract
  File "protostar/starknet/compiler/starknet_compilation.py", line 64, in preprocess_contract
  File "starkware/cairo/lang/compiler/preprocessor/pass_manager.py", line 70, in run
  File "starkware/cairo/lang/compiler/preprocessor/default_pass_manager.py", line 163, in run
  File "starkware/cairo/lang/compiler/preprocessor/default_pass_manager.py", line 133, in collect_module
  File "starkware/cairo/lang/compiler/import_loader.py", line 30, in collect_imports
  File "starkware/cairo/lang/compiler/import_loader.py", line 94, in collect
  File "starkware/cairo/lang/compiler/import_loader.py", line 94, in collect
  File "starkware/cairo/lang/compiler/import_loader.py", line 75, in collect
starkware.cairo.lang.compiler.import_loader.ImportLoaderError: /mnt/c/Users/Henry Alberto/desktop/starknet-edu/starknet-erc721/contracts/ERC721_Metadata.cairo:11:6: Could not find module 'libs.ShortString'. Searched in the following paths:
/mnt/c/Users/Henry Alberto/desktop/starknet-edu/starknet-erc721/lib/cairo_contracts/src/libs/ShortString.cairo
/mnt/c/Users/Henry Alberto/desktop/starknet-edu/starknet-erc721/lib/cairopen_contracts/src/libs/ShortString.cairo
/mnt/c/Users/Henry Alberto/desktop/starknet-edu/starknet-erc721/libs/ShortString.cairo
/mnt/c/Users/Henry Alberto/desktop/starknet-edu/starknet-erc721/libs/ShortString.cairo
/home/henryf10h/.protostar/dist/protostar/libs/ShortString.cairo
from libs.ShortString import uint256_to_ss
     ^**************^
[2508] Failed to execute script 'binary_entrypoint' due to unhandled exception!